2018-11-20T14:33:43.614Z - normal: Load ~/.CocosCreator/settings.json
2018-11-20T14:33:43.617Z - normal: checking language setting...
2018-11-20T14:33:43.617Z - normal: Language: zh
2018-11-20T14:33:43.999Z - success: protocol editor-framework registered
2018-11-20T14:33:43.999Z - success: protocol app registered
2018-11-20T14:33:43.999Z - success: protocol theme registered
2018-11-20T14:33:43.999Z - success: protocol packages registered
2018-11-20T14:33:44.000Z - success: protocol unpack registerred
2018-11-20T14:33:44.000Z - success: protocol disable-commonjs registerred
2018-11-20T14:33:44.185Z - normal: connected!
2018-11-20T14:33:44.188Z - normal: Check project /Users/wangtianye/svn/wxgame_rank
2018-11-20T14:33:44.190Z - normal: Initializing project /Users/wangtianye/svn/wxgame_rank
2018-11-20T14:33:44.195Z - normal: Initializing Cocos2d
2018-11-20T14:33:44.679Z - normal: Initializing Asset Database
2018-11-20T14:33:44.704Z - success: protocol uuid registerred
2018-11-20T14:33:44.704Z - success: protocol db registerred
2018-11-20T14:33:44.705Z - success: protocol thumbnail registerred
2018-11-20T14:33:44.705Z - normal: Loading editor/builtin packages
2018-11-20T14:33:44.829Z - success: assets loaded
2018-11-20T14:33:44.832Z - success: builder loaded
2018-11-20T14:33:44.835Z - success: cocos-analytics loaded
2018-11-20T14:33:44.839Z - success: console loaded
2018-11-20T14:33:44.866Z - success: fb-instant-games loaded
2018-11-20T14:33:44.868Z - success: google-instant-games loaded
2018-11-20T14:33:44.873Z - success: hierarchy loaded
2018-11-20T14:33:44.876Z - success: inspector loaded
2018-11-20T14:33:44.877Z - success: keystore loaded
2018-11-20T14:33:44.881Z - success: node-library loaded
2018-11-20T14:33:44.883Z - success: package-asset loaded
2018-11-20T14:33:44.884Z - success: preferences loaded
2018-11-20T14:33:44.887Z - success: project-exporter loaded
2018-11-20T14:33:44.899Z - success: project-importer loaded
2018-11-20T14:33:44.901Z - success: project-settings loaded
2018-11-20T14:33:44.905Z - success: ui-kit loaded
2018-11-20T14:33:44.908Z - success: scene loaded
2018-11-20T14:33:44.909Z - success: sprite-editor loaded
2018-11-20T14:33:44.913Z - success: store loaded
2018-11-20T14:33:44.917Z - success: timeline loaded
2018-11-20T14:33:44.917Z - normal: Loading builtin packages
2018-11-20T14:33:44.921Z - success: asset-db-debugger loaded
2018-11-20T14:33:44.921Z - success: color-picker loaded
2018-11-20T14:33:44.984Z - success: google-play-instant loaded
2018-11-20T14:33:44.984Z - success: jsb-adapter loaded
2018-11-20T14:33:44.989Z - success: package-manager loaded
2018-11-20T14:33:45.071Z - success: qqplay-adapter loaded
2018-11-20T14:33:45.075Z - success: sdkbox loaded
2018-11-20T14:33:45.079Z - success: tester loaded
2018-11-20T14:33:45.084Z - success: ui-grid loaded
2018-11-20T14:33:45.086Z - success: ui-kit-preview-extra loaded
2018-11-20T14:33:45.089Z - success: ui-kit-preview loaded
2018-11-20T14:33:45.091Z - success: ui-tree loaded
2018-11-20T14:33:45.092Z - success: weapp-adapter loaded
2018-11-20T14:33:45.879Z - normal: Loading packages
2018-11-20T14:33:45.884Z - normal: Watching packages
2018-11-20T14:33:45.936Z - normal: Run Application
2018-11-20T14:33:46.783Z - success: preview server running at http://localhost:7457
2018-11-20T14:34:23.276Z - normal: Start building with options : {
  "actualPlatform": "wechatgame-subcontext",
  "android-instant": {
    "REMOTE_SERVER_ROOT": "",
    "host": "",
    "pathPattern": "",
    "recordPath": "",
    "scheme": "https",
    "skipRecord": false
  },
  "apiLevel": "",
  "appABIs": [],
  "appKey": "",
  "appSecret": "",
  "buildPath": "/Users/wangtianye/svn/wechat/wechatgame",
  "debug": false,
  "dest": "/Users/wangtianye/svn/wechat/wechatgame/wechatgame-subcontext",
  "embedWebDebugger": false,
  "encryptJs": true,
  "excludeScenes": [],
  "excludedModules": [
    "WebGL Renderer",
    "Renderer Texture",
    "Dynamic Atlas",
    "LabelOutline",
    "ParticleSystem",
    "TiledMap",
    "Spine Skeleton",
    "DragonBones",
    "RichText",
    "MotionStreak",
    "ProgressBar",
    "ScrollBar",
    "Toggle",
    "PageView",
    "PageViewIndicator",
    "Slider",
    "EditBox",
    "VideoPlayer",
    "WebView",
    "Audio",
    "AudioSource",
    "Animation",
    "Collider",
    "Action",
    "Physics",
    "NodePool",
    "StudioComponent",
    "Intersection",
    "Native NetWork"
  ],
  "fb-instant-games": {},
  "includeAnySDK": false,
  "includeSDKBox": false,
  "inlineSpriteFrames": true,
  "inlineSpriteFrames_native": true,
  "jailbreakPlatform": false,
  "md5Cache": true,
  "mergeStartScene": false,
  "oauthLoginServer": "",
  "optimizeHotUpdate": false,
  "orientation": {
    "landscapeLeft": true,
    "landscapeRight": true,
    "portrait": false,
    "upsideDown": false
  },
  "packageName": "org.cocos2d.helloworld",
  "platform": "wechatgame-subcontext",
  "previewHeight": "720",
  "previewWidth": "1280",
  "privateKey": "",
  "qqplay": {
    "REMOTE_SERVER_ROOT": "",
    "orientation": "portrait"
  },
  "scenes": [
    "06da3d42-c1eb-407b-b8db-7d878bdbbb38"
  ],
  "sourceMaps": false,
  "startScene": "06da3d42-c1eb-407b-b8db-7d878bdbbb38",
  "template": "link",
  "title": "wechatgame-subcontext",
  "useDebugKeystore": true,
  "vsVersion": "auto",
  "webOrientation": "auto",
  "wechatgame": {
    "REMOTE_SERVER_ROOT": "https://liubowen.top/dzk-res",
    "appid": "wxf07ad74fd388c978",
    "isSubdomain": false,
    "orientation": "portrait",
    "subContext": ""
  },
  "xxteaKey": "7f1efa5c-75f7-4d",
  "zipCompressJs": true,
  "project": "/Users/wangtianye/svn/wxgame_rank",
  "projectName": "wechatgame-subcontext",
  "debugBuildWorker": false
}
2018-11-20T14:34:23.278Z - normal: Building /Users/wangtianye/svn/wxgame_rank
2018-11-20T14:34:23.278Z - normal: Destination /Users/wangtianye/svn/wechat/wechatgame/wechatgame-subcontext
2018-11-20T14:34:23.493Z - normal: Delete /Users/wangtianye/svn/wechat/wechatgame/wechatgame-subcontext/**/*
2018-11-20T14:34:25.798Z - normal: Start building assets
2018-11-20T14:34:25.798Z - normal: Start spawn build-worker
2018-11-20T14:34:26.312Z - normal: Finish spawn build-worker
2018-11-20T14:34:26.312Z - normal: Start init build-worker
2018-11-20T14:34:28.508Z - normal: Finish init build-worker
2018-11-20T14:34:28.508Z - normal: Start build-assets in worker
2018-11-20T14:34:28.623Z - normal: Finish build-assets in worker
2018-11-20T14:34:28.625Z - normal: Finish building assets
2018-11-20T14:34:28.631Z - normal: Start building plugin scripts
2018-11-20T14:34:28.664Z - normal: Generating main.js from /Applications/CocosCreator.app/Contents/Resources/static/build-templates/shares/main.js
2018-11-20T14:34:29.787Z - warn: [Cocos Analystic] Can not find index.html
2018-11-20T14:34:29.833Z - normal: Built to "/Users/wangtianye/svn/wechat/wechatgame/wechatgame-subcontext" successfully
2018-11-20T14:36:05.760Z - normal: Start building with options : {
  "actualPlatform": "wechatgame-subcontext",
  "android-instant": {
    "REMOTE_SERVER_ROOT": "",
    "host": "",
    "pathPattern": "",
    "recordPath": "",
    "scheme": "https",
    "skipRecord": false
  },
  "apiLevel": "",
  "appABIs": [],
  "appKey": "",
  "appSecret": "",
  "buildPath": "/Users/wangtianye/svn/wechat/wechatgame",
  "debug": false,
  "dest": "/Users/wangtianye/svn/wechat/wechatgame/wechatgame-subcontext",
  "embedWebDebugger": false,
  "encryptJs": true,
  "excludeScenes": [],
  "excludedModules": [
    "WebGL Renderer",
    "Renderer Texture",
    "Dynamic Atlas",
    "LabelOutline",
    "ParticleSystem",
    "TiledMap",
    "Spine Skeleton",
    "DragonBones",
    "RichText",
    "MotionStreak",
    "ProgressBar",
    "ScrollBar",
    "Toggle",
    "PageView",
    "PageViewIndicator",
    "Slider",
    "EditBox",
    "VideoPlayer",
    "WebView",
    "Audio",
    "AudioSource",
    "Animation",
    "Collider",
    "Action",
    "Physics",
    "NodePool",
    "StudioComponent",
    "Intersection",
    "Native NetWork"
  ],
  "fb-instant-games": {},
  "includeAnySDK": false,
  "includeSDKBox": false,
  "inlineSpriteFrames": true,
  "inlineSpriteFrames_native": true,
  "jailbreakPlatform": false,
  "md5Cache": true,
  "mergeStartScene": false,
  "oauthLoginServer": "",
  "optimizeHotUpdate": false,
  "orientation": {
    "landscapeLeft": true,
    "landscapeRight": true,
    "portrait": false,
    "upsideDown": false
  },
  "packageName": "org.cocos2d.helloworld",
  "platform": "wechatgame-subcontext",
  "previewHeight": "720",
  "previewWidth": "1280",
  "privateKey": "",
  "qqplay": {
    "REMOTE_SERVER_ROOT": "",
    "orientation": "portrait"
  },
  "scenes": [
    "06da3d42-c1eb-407b-b8db-7d878bdbbb38"
  ],
  "sourceMaps": false,
  "startScene": "06da3d42-c1eb-407b-b8db-7d878bdbbb38",
  "template": "link",
  "title": "wechatgame-subcontext",
  "useDebugKeystore": true,
  "vsVersion": "auto",
  "webOrientation": "auto",
  "wechatgame": {
    "REMOTE_SERVER_ROOT": "https://liubowen.top/dzk-res",
    "appid": "wxf07ad74fd388c978",
    "isSubdomain": false,
    "orientation": "portrait",
    "subContext": ""
  },
  "xxteaKey": "7f1efa5c-75f7-4d",
  "zipCompressJs": true,
  "project": "/Users/wangtianye/svn/wxgame_rank",
  "projectName": "wechatgame-subcontext",
  "debugBuildWorker": false
}
2018-11-20T14:36:05.763Z - normal: Building /Users/wangtianye/svn/wxgame_rank
2018-11-20T14:36:05.763Z - normal: Destination /Users/wangtianye/svn/wechat/wechatgame/wechatgame-subcontext
2018-11-20T14:36:05.765Z - normal: Delete /Users/wangtianye/svn/wechat/wechatgame/wechatgame-subcontext/**/*
2018-11-20T14:36:07.988Z - normal: Start building assets
2018-11-20T14:36:07.988Z - normal: Start spawn build-worker
2018-11-20T14:36:08.603Z - normal: Finish spawn build-worker
2018-11-20T14:36:08.603Z - normal: Start init build-worker
2018-11-20T14:36:10.926Z - normal: Finish init build-worker
2018-11-20T14:36:10.926Z - normal: Start build-assets in worker
2018-11-20T14:36:11.042Z - normal: Finish build-assets in worker
2018-11-20T14:36:11.044Z - normal: Finish building assets
2018-11-20T14:36:11.049Z - normal: Start building plugin scripts
2018-11-20T14:36:11.083Z - normal: Generating main.js from /Applications/CocosCreator.app/Contents/Resources/static/build-templates/shares/main.js
2018-11-20T14:36:11.882Z - warn: [Cocos Analystic] Can not find index.html
2018-11-20T14:36:11.927Z - normal: Built to "/Users/wangtianye/svn/wechat/wechatgame/wechatgame-subcontext" successfully
2018-11-21T02:55:51.572Z - normal: Start building with options : {
  "actualPlatform": "wechatgame-subcontext",
  "android-instant": {
    "REMOTE_SERVER_ROOT": "",
    "host": "",
    "pathPattern": "",
    "recordPath": "",
    "scheme": "https",
    "skipRecord": false
  },
  "apiLevel": "",
  "appABIs": [],
  "appKey": "",
  "appSecret": "",
  "buildPath": "/Users/wangtianye/svn/wechat/wechatgame",
  "debug": false,
  "dest": "/Users/wangtianye/svn/wechat/wechatgame/wechatgame-subcontext",
  "embedWebDebugger": false,
  "encryptJs": true,
  "excludeScenes": [],
  "excludedModules": [
    "WebGL Renderer",
    "Renderer Texture",
    "Dynamic Atlas",
    "LabelOutline",
    "ParticleSystem",
    "TiledMap",
    "Spine Skeleton",
    "DragonBones",
    "RichText",
    "MotionStreak",
    "ProgressBar",
    "ScrollBar",
    "Toggle",
    "PageView",
    "PageViewIndicator",
    "Slider",
    "EditBox",
    "VideoPlayer",
    "WebView",
    "Audio",
    "AudioSource",
    "Animation",
    "Collider",
    "Action",
    "Physics",
    "NodePool",
    "StudioComponent",
    "Intersection",
    "Native NetWork"
  ],
  "fb-instant-games": {},
  "includeAnySDK": false,
  "includeSDKBox": false,
  "inlineSpriteFrames": true,
  "inlineSpriteFrames_native": true,
  "jailbreakPlatform": false,
  "md5Cache": true,
  "mergeStartScene": false,
  "oauthLoginServer": "",
  "optimizeHotUpdate": false,
  "orientation": {
    "landscapeLeft": true,
    "landscapeRight": true,
    "portrait": false,
    "upsideDown": false
  },
  "packageName": "org.cocos2d.helloworld",
  "platform": "wechatgame-subcontext",
  "previewHeight": "720",
  "previewWidth": "1280",
  "privateKey": "",
  "qqplay": {
    "REMOTE_SERVER_ROOT": "",
    "orientation": "portrait"
  },
  "scenes": [
    "06da3d42-c1eb-407b-b8db-7d878bdbbb38"
  ],
  "sourceMaps": false,
  "startScene": "06da3d42-c1eb-407b-b8db-7d878bdbbb38",
  "template": "link",
  "title": "wechatgame-subcontext",
  "useDebugKeystore": true,
  "vsVersion": "auto",
  "webOrientation": "auto",
  "wechatgame": {
    "REMOTE_SERVER_ROOT": "https://liubowen.top/dzk-res",
    "appid": "wxf07ad74fd388c978",
    "isSubdomain": false,
    "orientation": "portrait",
    "subContext": ""
  },
  "xxteaKey": "7f1efa5c-75f7-4d",
  "zipCompressJs": true,
  "project": "/Users/wangtianye/svn/wxgame_rank",
  "projectName": "wechatgame-subcontext",
  "debugBuildWorker": false
}
2018-11-21T02:55:51.576Z - normal: Building /Users/wangtianye/svn/wxgame_rank
2018-11-21T02:55:51.576Z - normal: Destination /Users/wangtianye/svn/wechat/wechatgame/wechatgame-subcontext
2018-11-21T02:55:51.578Z - normal: Delete /Users/wangtianye/svn/wechat/wechatgame/wechatgame-subcontext/**/*
2018-11-21T02:55:53.887Z - normal: Start building assets
2018-11-21T02:55:53.888Z - normal: Start spawn build-worker
2018-11-21T02:55:54.382Z - normal: Finish spawn build-worker
2018-11-21T02:55:54.382Z - normal: Start init build-worker
2018-11-21T02:55:56.539Z - normal: Finish init build-worker
2018-11-21T02:55:56.540Z - normal: Start build-assets in worker
2018-11-21T02:55:56.661Z - normal: Finish build-assets in worker
2018-11-21T02:55:56.663Z - normal: Finish building assets
2018-11-21T02:55:56.667Z - normal: Start building plugin scripts
2018-11-21T02:55:56.701Z - normal: Generating main.js from /Applications/CocosCreator.app/Contents/Resources/static/build-templates/shares/main.js
2018-11-21T02:55:57.484Z - warn: [Cocos Analystic] Can not find index.html
2018-11-21T02:55:57.528Z - normal: Built to "/Users/wangtianye/svn/wechat/wechatgame/wechatgame-subcontext" successfully
2018-11-21T02:59:57.112Z - normal: Start building with options : {
  "actualPlatform": "wechatgame-subcontext",
  "android-instant": {
    "REMOTE_SERVER_ROOT": "",
    "host": "",
    "pathPattern": "",
    "recordPath": "",
    "scheme": "https",
    "skipRecord": false
  },
  "apiLevel": "",
  "appABIs": [],
  "appKey": "",
  "appSecret": "",
  "buildPath": "/Users/wangtianye/svn/wechat/wechatgame",
  "debug": false,
  "dest": "/Users/wangtianye/svn/wechat/wechatgame/wechatgame-subcontext",
  "embedWebDebugger": false,
  "encryptJs": true,
  "excludeScenes": [],
  "excludedModules": [
    "WebGL Renderer",
    "Renderer Texture",
    "Dynamic Atlas",
    "LabelOutline",
    "ParticleSystem",
    "TiledMap",
    "Spine Skeleton",
    "DragonBones",
    "RichText",
    "MotionStreak",
    "ProgressBar",
    "ScrollBar",
    "Toggle",
    "PageView",
    "PageViewIndicator",
    "Slider",
    "EditBox",
    "VideoPlayer",
    "WebView",
    "Audio",
    "AudioSource",
    "Animation",
    "Collider",
    "Action",
    "Physics",
    "NodePool",
    "StudioComponent",
    "Intersection",
    "Native NetWork"
  ],
  "fb-instant-games": {},
  "includeAnySDK": false,
  "includeSDKBox": false,
  "inlineSpriteFrames": true,
  "inlineSpriteFrames_native": true,
  "jailbreakPlatform": false,
  "md5Cache": true,
  "mergeStartScene": false,
  "oauthLoginServer": "",
  "optimizeHotUpdate": false,
  "orientation": {
    "landscapeLeft": true,
    "landscapeRight": true,
    "portrait": false,
    "upsideDown": false
  },
  "packageName": "org.cocos2d.helloworld",
  "platform": "wechatgame-subcontext",
  "previewHeight": "720",
  "previewWidth": "1280",
  "privateKey": "",
  "qqplay": {
    "REMOTE_SERVER_ROOT": "",
    "orientation": "portrait"
  },
  "scenes": [
    "06da3d42-c1eb-407b-b8db-7d878bdbbb38"
  ],
  "sourceMaps": false,
  "startScene": "06da3d42-c1eb-407b-b8db-7d878bdbbb38",
  "template": "link",
  "title": "wechatgame-subcontext",
  "useDebugKeystore": true,
  "vsVersion": "auto",
  "webOrientation": "auto",
  "wechatgame": {
    "REMOTE_SERVER_ROOT": "https://liubowen.top/dzk-res",
    "appid": "wxf07ad74fd388c978",
    "isSubdomain": false,
    "orientation": "portrait",
    "subContext": ""
  },
  "xxteaKey": "7f1efa5c-75f7-4d",
  "zipCompressJs": true,
  "project": "/Users/wangtianye/svn/wxgame_rank",
  "projectName": "wechatgame-subcontext",
  "debugBuildWorker": false
}
2018-11-21T02:59:57.115Z - normal: Building /Users/wangtianye/svn/wxgame_rank
2018-11-21T02:59:57.115Z - normal: Destination /Users/wangtianye/svn/wechat/wechatgame/wechatgame-subcontext
2018-11-21T02:59:57.116Z - normal: Delete /Users/wangtianye/svn/wechat/wechatgame/wechatgame-subcontext/**/*
2018-11-21T02:59:59.388Z - normal: Start building assets
2018-11-21T02:59:59.388Z - normal: Start spawn build-worker
2018-11-21T02:59:59.897Z - normal: Finish spawn build-worker
2018-11-21T02:59:59.897Z - normal: Start init build-worker
2018-11-21T03:00:02.046Z - normal: Finish init build-worker
2018-11-21T03:00:02.046Z - normal: Start build-assets in worker
2018-11-21T03:00:02.160Z - normal: Finish build-assets in worker
2018-11-21T03:00:02.162Z - normal: Finish building assets
2018-11-21T03:00:02.167Z - normal: Start building plugin scripts
2018-11-21T03:00:02.200Z - normal: Generating main.js from /Applications/CocosCreator.app/Contents/Resources/static/build-templates/shares/main.js
2018-11-21T03:00:03.110Z - warn: [Cocos Analystic] Can not find index.html
2018-11-21T03:00:03.155Z - normal: Built to "/Users/wangtianye/svn/wechat/wechatgame/wechatgame-subcontext" successfully
2018-11-21T03:02:39.353Z - normal: Start building with options : {
  "actualPlatform": "wechatgame-subcontext",
  "android-instant": {
    "REMOTE_SERVER_ROOT": "",
    "host": "",
    "pathPattern": "",
    "recordPath": "",
    "scheme": "https",
    "skipRecord": false
  },
  "apiLevel": "",
  "appABIs": [],
  "appKey": "",
  "appSecret": "",
  "buildPath": "/Users/wangtianye/svn/wechat/wechatgame",
  "debug": false,
  "dest": "/Users/wangtianye/svn/wechat/wechatgame/wechatgame-subcontext",
  "embedWebDebugger": false,
  "encryptJs": true,
  "excludeScenes": [],
  "excludedModules": [
    "WebGL Renderer",
    "Renderer Texture",
    "Dynamic Atlas",
    "LabelOutline",
    "ParticleSystem",
    "TiledMap",
    "Spine Skeleton",
    "DragonBones",
    "RichText",
    "MotionStreak",
    "ProgressBar",
    "ScrollBar",
    "Toggle",
    "PageView",
    "PageViewIndicator",
    "Slider",
    "EditBox",
    "VideoPlayer",
    "WebView",
    "Audio",
    "AudioSource",
    "Animation",
    "Collider",
    "Action",
    "Physics",
    "NodePool",
    "StudioComponent",
    "Intersection",
    "Native NetWork"
  ],
  "fb-instant-games": {},
  "includeAnySDK": false,
  "includeSDKBox": false,
  "inlineSpriteFrames": true,
  "inlineSpriteFrames_native": true,
  "jailbreakPlatform": false,
  "md5Cache": true,
  "mergeStartScene": false,
  "oauthLoginServer": "",
  "optimizeHotUpdate": false,
  "orientation": {
    "landscapeLeft": true,
    "landscapeRight": true,
    "portrait": false,
    "upsideDown": false
  },
  "packageName": "org.cocos2d.helloworld",
  "platform": "wechatgame-subcontext",
  "previewHeight": "720",
  "previewWidth": "1280",
  "privateKey": "",
  "qqplay": {
    "REMOTE_SERVER_ROOT": "",
    "orientation": "portrait"
  },
  "scenes": [
    "06da3d42-c1eb-407b-b8db-7d878bdbbb38"
  ],
  "sourceMaps": false,
  "startScene": "06da3d42-c1eb-407b-b8db-7d878bdbbb38",
  "template": "link",
  "title": "wechatgame-subcontext",
  "useDebugKeystore": true,
  "vsVersion": "auto",
  "webOrientation": "auto",
  "wechatgame": {
    "REMOTE_SERVER_ROOT": "https://liubowen.top/dzk-res",
    "appid": "wxf07ad74fd388c978",
    "isSubdomain": false,
    "orientation": "portrait",
    "subContext": ""
  },
  "xxteaKey": "7f1efa5c-75f7-4d",
  "zipCompressJs": true,
  "project": "/Users/wangtianye/svn/wxgame_rank",
  "projectName": "wechatgame-subcontext",
  "debugBuildWorker": false
}
2018-11-21T03:02:39.356Z - normal: Building /Users/wangtianye/svn/wxgame_rank
2018-11-21T03:02:39.356Z - normal: Destination /Users/wangtianye/svn/wechat/wechatgame/wechatgame-subcontext
2018-11-21T03:02:39.357Z - normal: Delete /Users/wangtianye/svn/wechat/wechatgame/wechatgame-subcontext/**/*
2018-11-21T03:02:41.685Z - normal: Start building assets
2018-11-21T03:02:41.686Z - normal: Start spawn build-worker
2018-11-21T03:02:42.229Z - normal: Finish spawn build-worker
2018-11-21T03:02:42.229Z - normal: Start init build-worker
2018-11-21T03:02:44.462Z - normal: Finish init build-worker
2018-11-21T03:02:44.463Z - normal: Start build-assets in worker
2018-11-21T03:02:44.584Z - normal: Finish build-assets in worker
2018-11-21T03:02:44.586Z - normal: Finish building assets
2018-11-21T03:02:44.591Z - normal: Start building plugin scripts
2018-11-21T03:02:44.623Z - normal: Generating main.js from /Applications/CocosCreator.app/Contents/Resources/static/build-templates/shares/main.js
2018-11-21T03:02:45.375Z - warn: [Cocos Analystic] Can not find index.html
2018-11-21T03:02:45.420Z - normal: Built to "/Users/wangtianye/svn/wechat/wechatgame/wechatgame-subcontext" successfully
2018-11-21T03:12:05.690Z - normal: Start building with options : {
  "actualPlatform": "wechatgame-subcontext",
  "android-instant": {
    "REMOTE_SERVER_ROOT": "",
    "host": "",
    "pathPattern": "",
    "recordPath": "",
    "scheme": "https",
    "skipRecord": false
  },
  "apiLevel": "",
  "appABIs": [],
  "appKey": "",
  "appSecret": "",
  "buildPath": "/Users/wangtianye/svn/wechat/wechatgame",
  "debug": false,
  "dest": "/Users/wangtianye/svn/wechat/wechatgame/wechatgame-subcontext",
  "embedWebDebugger": false,
  "encryptJs": true,
  "excludeScenes": [],
  "excludedModules": [
    "WebGL Renderer",
    "Renderer Texture",
    "Dynamic Atlas",
    "LabelOutline",
    "ParticleSystem",
    "TiledMap",
    "Spine Skeleton",
    "DragonBones",
    "RichText",
    "MotionStreak",
    "ProgressBar",
    "ScrollBar",
    "Toggle",
    "PageView",
    "PageViewIndicator",
    "Slider",
    "EditBox",
    "VideoPlayer",
    "WebView",
    "Audio",
    "AudioSource",
    "Animation",
    "Collider",
    "Action",
    "Physics",
    "NodePool",
    "StudioComponent",
    "Intersection",
    "Native NetWork"
  ],
  "fb-instant-games": {},
  "includeAnySDK": false,
  "includeSDKBox": false,
  "inlineSpriteFrames": true,
  "inlineSpriteFrames_native": true,
  "jailbreakPlatform": false,
  "md5Cache": true,
  "mergeStartScene": false,
  "oauthLoginServer": "",
  "optimizeHotUpdate": false,
  "orientation": {
    "landscapeLeft": true,
    "landscapeRight": true,
    "portrait": false,
    "upsideDown": false
  },
  "packageName": "org.cocos2d.helloworld",
  "platform": "wechatgame-subcontext",
  "previewHeight": "720",
  "previewWidth": "1280",
  "privateKey": "",
  "qqplay": {
    "REMOTE_SERVER_ROOT": "",
    "orientation": "portrait"
  },
  "scenes": [
    "06da3d42-c1eb-407b-b8db-7d878bdbbb38"
  ],
  "sourceMaps": false,
  "startScene": "06da3d42-c1eb-407b-b8db-7d878bdbbb38",
  "template": "link",
  "title": "wechatgame-subcontext",
  "useDebugKeystore": true,
  "vsVersion": "auto",
  "webOrientation": "auto",
  "wechatgame": {
    "REMOTE_SERVER_ROOT": "https://liubowen.top/dzk-res",
    "appid": "wxf07ad74fd388c978",
    "isSubdomain": false,
    "orientation": "portrait",
    "subContext": ""
  },
  "xxteaKey": "7f1efa5c-75f7-4d",
  "zipCompressJs": true,
  "project": "/Users/wangtianye/svn/wxgame_rank",
  "projectName": "wechatgame-subcontext",
  "debugBuildWorker": false
}
2018-11-21T03:12:05.692Z - normal: Building /Users/wangtianye/svn/wxgame_rank
2018-11-21T03:12:05.692Z - normal: Destination /Users/wangtianye/svn/wechat/wechatgame/wechatgame-subcontext
2018-11-21T03:12:05.694Z - normal: Delete /Users/wangtianye/svn/wechat/wechatgame/wechatgame-subcontext/**/*
2018-11-21T03:12:07.974Z - normal: Start building assets
2018-11-21T03:12:07.974Z - normal: Start spawn build-worker
2018-11-21T03:12:08.478Z - normal: Finish spawn build-worker
2018-11-21T03:12:08.478Z - normal: Start init build-worker
2018-11-21T03:12:10.609Z - normal: Finish init build-worker
2018-11-21T03:12:10.609Z - normal: Start build-assets in worker
2018-11-21T03:12:10.722Z - normal: Finish build-assets in worker
2018-11-21T03:12:10.724Z - normal: Finish building assets
2018-11-21T03:12:10.729Z - normal: Start building plugin scripts
2018-11-21T03:12:10.762Z - normal: Generating main.js from /Applications/CocosCreator.app/Contents/Resources/static/build-templates/shares/main.js
2018-11-21T03:12:11.508Z - warn: [Cocos Analystic] Can not find index.html
2018-11-21T03:12:11.553Z - normal: Built to "/Users/wangtianye/svn/wechat/wechatgame/wechatgame-subcontext" successfully
2018-11-21T03:13:27.962Z - normal: Start building with options : {
  "actualPlatform": "wechatgame-subcontext",
  "android-instant": {
    "REMOTE_SERVER_ROOT": "",
    "host": "",
    "pathPattern": "",
    "recordPath": "",
    "scheme": "https",
    "skipRecord": false
  },
  "apiLevel": "",
  "appABIs": [],
  "appKey": "",
  "appSecret": "",
  "buildPath": "/Users/wangtianye/svn/wechat/wechatgame",
  "debug": false,
  "dest": "/Users/wangtianye/svn/wechat/wechatgame/wechatgame-subcontext",
  "embedWebDebugger": false,
  "encryptJs": true,
  "excludeScenes": [],
  "excludedModules": [
    "WebGL Renderer",
    "Renderer Texture",
    "Dynamic Atlas",
    "LabelOutline",
    "ParticleSystem",
    "TiledMap",
    "Spine Skeleton",
    "DragonBones",
    "RichText",
    "MotionStreak",
    "ProgressBar",
    "ScrollBar",
    "Toggle",
    "PageView",
    "PageViewIndicator",
    "Slider",
    "EditBox",
    "VideoPlayer",
    "WebView",
    "Audio",
    "AudioSource",
    "Animation",
    "Collider",
    "Action",
    "Physics",
    "NodePool",
    "StudioComponent",
    "Intersection",
    "Native NetWork"
  ],
  "fb-instant-games": {},
  "includeAnySDK": false,
  "includeSDKBox": false,
  "inlineSpriteFrames": true,
  "inlineSpriteFrames_native": true,
  "jailbreakPlatform": false,
  "md5Cache": true,
  "mergeStartScene": false,
  "oauthLoginServer": "",
  "optimizeHotUpdate": false,
  "orientation": {
    "landscapeLeft": true,
    "landscapeRight": true,
    "portrait": false,
    "upsideDown": false
  },
  "packageName": "org.cocos2d.helloworld",
  "platform": "wechatgame-subcontext",
  "previewHeight": "720",
  "previewWidth": "1280",
  "privateKey": "",
  "qqplay": {
    "REMOTE_SERVER_ROOT": "",
    "orientation": "portrait"
  },
  "scenes": [
    "06da3d42-c1eb-407b-b8db-7d878bdbbb38"
  ],
  "sourceMaps": false,
  "startScene": "06da3d42-c1eb-407b-b8db-7d878bdbbb38",
  "template": "link",
  "title": "wechatgame-subcontext",
  "useDebugKeystore": true,
  "vsVersion": "auto",
  "webOrientation": "auto",
  "wechatgame": {
    "REMOTE_SERVER_ROOT": "https://liubowen.top/dzk-res",
    "appid": "wxf07ad74fd388c978",
    "isSubdomain": false,
    "orientation": "portrait",
    "subContext": ""
  },
  "xxteaKey": "7f1efa5c-75f7-4d",
  "zipCompressJs": true,
  "project": "/Users/wangtianye/svn/wxgame_rank",
  "projectName": "wechatgame-subcontext",
  "debugBuildWorker": false
}
2018-11-21T03:13:27.962Z - normal: Building /Users/wangtianye/svn/wxgame_rank
2018-11-21T03:13:27.962Z - normal: Destination /Users/wangtianye/svn/wechat/wechatgame/wechatgame-subcontext
2018-11-21T03:13:27.963Z - normal: Delete /Users/wangtianye/svn/wechat/wechatgame/wechatgame-subcontext/**/*
2018-11-21T03:13:30.184Z - normal: Start building assets
2018-11-21T03:13:30.184Z - normal: Start spawn build-worker
2018-11-21T03:13:30.685Z - normal: Finish spawn build-worker
2018-11-21T03:13:30.686Z - normal: Start init build-worker
2018-11-21T03:13:32.793Z - normal: Finish init build-worker
2018-11-21T03:13:32.793Z - normal: Start build-assets in worker
2018-11-21T03:13:32.916Z - normal: Finish build-assets in worker
2018-11-21T03:13:32.918Z - normal: Finish building assets
2018-11-21T03:13:32.921Z - normal: Start building plugin scripts
2018-11-21T03:13:32.954Z - normal: Generating main.js from /Applications/CocosCreator.app/Contents/Resources/static/build-templates/shares/main.js
2018-11-21T03:13:33.671Z - warn: [Cocos Analystic] Can not find index.html
2018-11-21T03:13:33.703Z - normal: Built to "/Users/wangtianye/svn/wechat/wechatgame/wechatgame-subcontext" successfully
2018-11-21T03:19:28.031Z - normal: Start building with options : {
  "actualPlatform": "wechatgame-subcontext",
  "android-instant": {
    "REMOTE_SERVER_ROOT": "",
    "host": "",
    "pathPattern": "",
    "recordPath": "",
    "scheme": "https",
    "skipRecord": false
  },
  "apiLevel": "",
  "appABIs": [],
  "appKey": "",
  "appSecret": "",
  "buildPath": "/Users/wangtianye/svn/wechat/wechatgame",
  "debug": false,
  "dest": "/Users/wangtianye/svn/wechat/wechatgame/wechatgame-subcontext",
  "embedWebDebugger": false,
  "encryptJs": true,
  "excludeScenes": [],
  "excludedModules": [
    "WebGL Renderer",
    "Renderer Texture",
    "Dynamic Atlas",
    "LabelOutline",
    "ParticleSystem",
    "TiledMap",
    "Spine Skeleton",
    "DragonBones",
    "RichText",
    "MotionStreak",
    "ProgressBar",
    "ScrollBar",
    "Toggle",
    "PageView",
    "PageViewIndicator",
    "Slider",
    "EditBox",
    "VideoPlayer",
    "WebView",
    "Audio",
    "AudioSource",
    "Animation",
    "Collider",
    "Action",
    "Physics",
    "NodePool",
    "StudioComponent",
    "Intersection",
    "Native NetWork"
  ],
  "fb-instant-games": {},
  "includeAnySDK": false,
  "includeSDKBox": false,
  "inlineSpriteFrames": true,
  "inlineSpriteFrames_native": true,
  "jailbreakPlatform": false,
  "md5Cache": true,
  "mergeStartScene": false,
  "oauthLoginServer": "",
  "optimizeHotUpdate": false,
  "orientation": {
    "landscapeLeft": true,
    "landscapeRight": true,
    "portrait": false,
    "upsideDown": false
  },
  "packageName": "org.cocos2d.helloworld",
  "platform": "wechatgame-subcontext",
  "previewHeight": "720",
  "previewWidth": "1280",
  "privateKey": "",
  "qqplay": {
    "REMOTE_SERVER_ROOT": "",
    "orientation": "portrait"
  },
  "scenes": [
    "06da3d42-c1eb-407b-b8db-7d878bdbbb38"
  ],
  "sourceMaps": false,
  "startScene": "06da3d42-c1eb-407b-b8db-7d878bdbbb38",
  "template": "link",
  "title": "wechatgame-subcontext",
  "useDebugKeystore": true,
  "vsVersion": "auto",
  "webOrientation": "auto",
  "wechatgame": {
    "REMOTE_SERVER_ROOT": "https://liubowen.top/dzk-res",
    "appid": "wxf07ad74fd388c978",
    "isSubdomain": false,
    "orientation": "portrait",
    "subContext": ""
  },
  "xxteaKey": "7f1efa5c-75f7-4d",
  "zipCompressJs": true,
  "project": "/Users/wangtianye/svn/wxgame_rank",
  "projectName": "wechatgame-subcontext",
  "debugBuildWorker": false
}
2018-11-21T03:19:28.034Z - normal: Building /Users/wangtianye/svn/wxgame_rank
2018-11-21T03:19:28.034Z - normal: Destination /Users/wangtianye/svn/wechat/wechatgame/wechatgame-subcontext
2018-11-21T03:19:28.035Z - normal: Delete /Users/wangtianye/svn/wechat/wechatgame/wechatgame-subcontext/**/*
2018-11-21T03:19:30.281Z - normal: Start building assets
2018-11-21T03:19:30.282Z - normal: Start spawn build-worker
2018-11-21T03:19:30.796Z - normal: Finish spawn build-worker
2018-11-21T03:19:30.797Z - normal: Start init build-worker
2018-11-21T03:19:32.957Z - normal: Finish init build-worker
2018-11-21T03:19:32.957Z - normal: Start build-assets in worker
2018-11-21T03:19:33.075Z - normal: Finish build-assets in worker
2018-11-21T03:19:33.077Z - normal: Finish building assets
2018-11-21T03:19:33.083Z - normal: Start building plugin scripts
2018-11-21T03:19:33.117Z - normal: Generating main.js from /Applications/CocosCreator.app/Contents/Resources/static/build-templates/shares/main.js
2018-11-21T03:19:33.865Z - warn: [Cocos Analystic] Can not find index.html
2018-11-21T03:19:33.916Z - normal: Built to "/Users/wangtianye/svn/wechat/wechatgame/wechatgame-subcontext" successfully
2018-11-21T05:55:29.511Z - normal: Start building with options : {
  "actualPlatform": "wechatgame-subcontext",
  "android-instant": {
    "REMOTE_SERVER_ROOT": "",
    "host": "",
    "pathPattern": "",
    "recordPath": "",
    "scheme": "https",
    "skipRecord": false
  },
  "apiLevel": "",
  "appABIs": [],
  "appKey": "",
  "appSecret": "",
  "buildPath": "/Users/wangtianye/svn/wechat/wechatgame",
  "debug": false,
  "dest": "/Users/wangtianye/svn/wechat/wechatgame/wechatgame-subcontext",
  "embedWebDebugger": false,
  "encryptJs": true,
  "excludeScenes": [],
  "excludedModules": [
    "WebGL Renderer",
    "Renderer Texture",
    "Dynamic Atlas",
    "LabelOutline",
    "ParticleSystem",
    "TiledMap",
    "Spine Skeleton",
    "DragonBones",
    "RichText",
    "MotionStreak",
    "ProgressBar",
    "ScrollBar",
    "Toggle",
    "PageView",
    "PageViewIndicator",
    "Slider",
    "EditBox",
    "VideoPlayer",
    "WebView",
    "Audio",
    "AudioSource",
    "Animation",
    "Collider",
    "Action",
    "Physics",
    "NodePool",
    "StudioComponent",
    "Intersection",
    "Native NetWork"
  ],
  "fb-instant-games": {},
  "includeAnySDK": false,
  "includeSDKBox": false,
  "inlineSpriteFrames": true,
  "inlineSpriteFrames_native": true,
  "jailbreakPlatform": false,
  "md5Cache": true,
  "mergeStartScene": false,
  "oauthLoginServer": "",
  "optimizeHotUpdate": false,
  "orientation": {
    "landscapeLeft": true,
    "landscapeRight": true,
    "portrait": false,
    "upsideDown": false
  },
  "packageName": "org.cocos2d.helloworld",
  "platform": "wechatgame-subcontext",
  "previewHeight": "720",
  "previewWidth": "1280",
  "privateKey": "",
  "qqplay": {
    "REMOTE_SERVER_ROOT": "",
    "orientation": "portrait"
  },
  "scenes": [
    "06da3d42-c1eb-407b-b8db-7d878bdbbb38"
  ],
  "sourceMaps": false,
  "startScene": "06da3d42-c1eb-407b-b8db-7d878bdbbb38",
  "template": "link",
  "title": "wechatgame-subcontext",
  "useDebugKeystore": true,
  "vsVersion": "auto",
  "webOrientation": "auto",
  "wechatgame": {
    "REMOTE_SERVER_ROOT": "https://liubowen.top/dzk-res",
    "appid": "wxf07ad74fd388c978",
    "isSubdomain": false,
    "orientation": "portrait",
    "subContext": ""
  },
  "xxteaKey": "7f1efa5c-75f7-4d",
  "zipCompressJs": true,
  "project": "/Users/wangtianye/svn/wxgame_rank",
  "projectName": "wechatgame-subcontext",
  "debugBuildWorker": false
}
2018-11-21T05:55:29.514Z - normal: Building /Users/wangtianye/svn/wxgame_rank
2018-11-21T05:55:29.514Z - normal: Destination /Users/wangtianye/svn/wechat/wechatgame/wechatgame-subcontext
2018-11-21T05:55:29.515Z - normal: Delete /Users/wangtianye/svn/wechat/wechatgame/wechatgame-subcontext/**/*
2018-11-21T05:55:31.837Z - normal: Start building assets
2018-11-21T05:55:31.838Z - normal: Start spawn build-worker
2018-11-21T05:55:32.362Z - normal: Finish spawn build-worker
2018-11-21T05:55:32.362Z - normal: Start init build-worker
2018-11-21T05:55:34.641Z - normal: Finish init build-worker
2018-11-21T05:55:34.641Z - normal: Start build-assets in worker
2018-11-21T05:55:34.775Z - normal: Finish build-assets in worker
2018-11-21T05:55:34.777Z - normal: Finish building assets
2018-11-21T05:55:34.780Z - normal: Start building plugin scripts
2018-11-21T05:55:34.815Z - normal: Generating main.js from /Applications/CocosCreator.app/Contents/Resources/static/build-templates/shares/main.js
2018-11-21T05:55:35.602Z - warn: [Cocos Analystic] Can not find index.html
2018-11-21T05:55:35.652Z - normal: Built to "/Users/wangtianye/svn/wechat/wechatgame/wechatgame-subcontext" successfully
